2013/10/01 13:28:01 [/admin/design/index.php] [execute end 524a4f4f65ede#5]
SQL: PREPARE mdb2_statement_mysql_5b1d95f37d2a1df200d8a4646437000320abb94d8 FROM 'UPDATE dtb_session SET sess_data= ?, update_date= CURRENT_TIMESTAMP WHERE sess_id = ?'
PlaceHolder: array (
  0 => 'cart|a:0:{}prev_url|s:15:"/admin/design/?";transactionid|s:40:"ac53ac0bd2c6c61a22578073b4684e8ce2584ef4";cert|s:8:"7WDhcBTF";member_id|s:1:"2";login_id|s:5:"admin";authority|s:1:"0";login_name|s:9:"管理者";uniqid|s:21:"524a194928e15VaXPuDxe";last_login|s:19:"2013-09-30 15:40:07";preview|s:2:"ON";',
  1 => 'av5i8mnjai3mftckiuuarbdef7',
)
execution time: 2.15 sec
 from 121.94.157.46
login_id = admin(0)[av5i8mnjai3mftckiuuarbdef7]
(): session_write_close
(): SC_Helper_Session->sfSessWrite
/home/prograph2v1y/public_html/subdomain/nejikuru/data/class/helper/SC_Helper_Session.php(95): SC_Query->update
/home/prograph2v1y/public_html/subdomain/nejikuru/data/class/SC_Query.php(589): SC_Query->query
/home/prograph2v1y/public_html/subdomain/nejikuru/data/class/SC_Query.php(814): SC_Query->execute
/home/prograph2v1y/public_html/subdomain/nejikuru/data/class/SC_Query.php(965): SC_Query->lfEndDbTraceLog
/home/prograph2v1y/public_html/subdomain/nejikuru/data/class/SC_Query.php(1106): GC_Utils->gfPrintLog
2013/10/01 14:26:41 [/admin/design/main_edit.php] [execute end 524a5d0c6cd2b#7]
SQL: PREPARE mdb2_statement_mysql_7c1662e539265ca624ba2422c02c814f6341bcdc9 FROM 'UPDATE dtb_session SET sess_data= ?, update_date= CURRENT_TIMESTAMP WHERE sess_id = ?'
PlaceHolder: array (
  0 => 'cart|a:0:{}prev_url|s:55:"/admin/design/main_edit.php?page_id=4&device_type_id=10";transactionid|s:40:"ac53ac0bd2c6c61a22578073b4684e8ce2584ef4";cert|s:8:"7WDhcBTF";member_id|s:1:"2";login_id|s:5:"admin";authority|s:1:"0";login_name|s:9:"管理者";uniqid|s:21:"524a194928e15VaXPuDxe";last_login|s:19:"2013-09-30 15:40:07";preview|s:2:"ON";',
  1 => 'av5i8mnjai3mftckiuuarbdef7',
)
execution time: 4.71 sec
 from 121.94.157.46
login_id = admin(0)[av5i8mnjai3mftckiuuarbdef7]
(): session_write_close
(): SC_Helper_Session->sfSessWrite
/home/prograph2v1y/public_html/subdomain/nejikuru/data/class/helper/SC_Helper_Session.php(95): SC_Query->update
/home/prograph2v1y/public_html/subdomain/nejikuru/data/class/SC_Query.php(589): SC_Query->query
/home/prograph2v1y/public_html/subdomain/nejikuru/data/class/SC_Query.php(814): SC_Query->execute
/home/prograph2v1y/public_html/subdomain/nejikuru/data/class/SC_Query.php(965): SC_Query->lfEndDbTraceLog
/home/prograph2v1y/public_html/subdomain/nejikuru/data/class/SC_Query.php(1106): GC_Utils->gfPrintLog
2013/10/01 14:32:32 [/admin/design/index.php] [execute end 524a5e6dca376#9]
SQL: PREPARE mdb2_statement_mysql_99aee769889bf6db1f792b394baac1967673d64dc FROM 'UPDATE dtb_session SET sess_data= ?, update_date= CURRENT_TIMESTAMP WHERE sess_id = ?'
PlaceHolder: array (
  0 => 'cart|a:0:{}prev_url|s:42:"/admin/design/?page_id=1&device_type_id=10";transactionid|s:40:"28a960aacb377017e559f7acffe78dbdaf9c4cc5";cert|s:8:"7WDhcBTF";member_id|s:1:"2";login_id|s:5:"admin";authority|s:1:"0";login_name|s:9:"管理者";uniqid|s:21:"524a5d41b2b97f2perHWY";last_login|s:19:"2013-10-01 12:00:50";',
  1 => 'qqk8ac6dfk8vloeor9pvi6red7',
)
execution time: 2.54 sec
 from 121.94.157.46
login_id = admin(0)[qqk8ac6dfk8vloeor9pvi6red7]
(): session_write_close
(): SC_Helper_Session->sfSessWrite
/home/prograph2v1y/public_html/subdomain/nejikuru/data/class/helper/SC_Helper_Session.php(95): SC_Query->update
/home/prograph2v1y/public_html/subdomain/nejikuru/data/class/SC_Query.php(589): SC_Query->query
/home/prograph2v1y/public_html/subdomain/nejikuru/data/class/SC_Query.php(814): SC_Query->execute
/home/prograph2v1y/public_html/subdomain/nejikuru/data/class/SC_Query.php(965): SC_Query->lfEndDbTraceLog
/home/prograph2v1y/public_html/subdomain/nejikuru/data/class/SC_Query.php(1106): GC_Utils->gfPrintLog
2013/10/02 14:12:16 [/admin/design/css.php] [execute end 524bab2dd319b#5]
SQL: PREPARE mdb2_statement_mysql_50c0c5f30ce122b5a45b45243d45a57234217525b FROM 'UPDATE dtb_session SET sess_data= ?, update_date= CURRENT_TIMESTAMP WHERE sess_id = ?'
PlaceHolder: array (
  0 => 'cart|a:0:{}prev_url|s:60:"/admin/design/css.php?css_name=style02.css&device_type_id=10";transactionid|s:40:"b03f63fd4da593d45e3860b0f508824bcbb1008c";cert|s:8:"7WDhcBTF";member_id|s:1:"2";login_id|s:5:"admin";authority|s:1:"0";login_name|s:9:"管理者";uniqid|s:21:"524b9b035a7caAR92Y3sH";last_login|s:19:"2013-10-02 08:50:14";preview|s:2:"ON";',
  1 => 'v04h30bt52uoqlar0dlo798nj4',
)
execution time: 2.49 sec
 from 121.94.157.46
login_id = admin(0)[v04h30bt52uoqlar0dlo798nj4]
(): session_write_close
(): SC_Helper_Session->sfSessWrite
/home/prograph2v1y/public_html/subdomain/nejikuru/data/class/helper/SC_Helper_Session.php(95): SC_Query->update
/home/prograph2v1y/public_html/subdomain/nejikuru/data/class/SC_Query.php(589): SC_Query->query
/home/prograph2v1y/public_html/subdomain/nejikuru/data/class/SC_Query.php(814): SC_Query->execute
/home/prograph2v1y/public_html/subdomain/nejikuru/data/class/SC_Query.php(965): SC_Query->lfEndDbTraceLog
/home/prograph2v1y/public_html/subdomain/nejikuru/data/class/SC_Query.php(1106): GC_Utils->gfPrintLog
2013/10/02 14:53:37 [/admin/design/bloc.php] [execute end 524bb4dab3dbe#7]
SQL: PREPARE mdb2_statement_mysql_76cad317c45c47a7cf7f6e84a2167c1735395705d FROM 'UPDATE dtb_session SET sess_data= ?, update_date= CURRENT_TIMESTAMP WHERE sess_id = ?'
PlaceHolder: array (
  0 => 'cart|a:0:{}prev_url|s:51:"/admin/design/bloc.php?bloc_id=21&device_type_id=10";transactionid|s:40:"b03f63fd4da593d45e3860b0f508824bcbb1008c";cert|s:8:"7WDhcBTF";member_id|s:1:"2";login_id|s:5:"admin";authority|s:1:"0";login_name|s:9:"管理者";uniqid|s:21:"524b9b035a7caAR92Y3sH";last_login|s:19:"2013-10-02 08:50:14";preview|s:2:"ON";',
  1 => 'v04h30bt52uoqlar0dlo798nj4',
)
execution time: 7.18 sec
 from 121.94.157.46
login_id = admin(0)[v04h30bt52uoqlar0dlo798nj4]
(): session_write_close
(): SC_Helper_Session->sfSessWrite
/home/prograph2v1y/public_html/subdomain/nejikuru/data/class/helper/SC_Helper_Session.php(95): SC_Query->update
/home/prograph2v1y/public_html/subdomain/nejikuru/data/class/SC_Query.php(589): SC_Query->query
/home/prograph2v1y/public_html/subdomain/nejikuru/data/class/SC_Query.php(814): SC_Query->execute
/home/prograph2v1y/public_html/subdomain/nejikuru/data/class/SC_Query.php(965): SC_Query->lfEndDbTraceLog
/home/prograph2v1y/public_html/subdomain/nejikuru/data/class/SC_Query.php(1106): GC_Utils->gfPrintLog
2013/10/02 15:45:31 [/admin/design/css.php] [execute end 524bc10936d9d#5]
SQL: PREPARE mdb2_statement_mysql_5d0cd949fdd5e5ea61cd20f6c0903fcb7d9a3d744 FROM 'UPDATE dtb_session SET sess_data= ?, update_date= CURRENT_TIMESTAMP WHERE sess_id = ?'
PlaceHolder: array (
  0 => 'cart|a:0:{}prev_url|s:54:"/admin/design/css.php?css_name=style&device_type_id=10";transactionid|s:40:"3d700392701cc4fb06e2223c12afed2042201bc7";cert|s:8:"7WDhcBTF";member_id|s:1:"2";login_id|s:5:"admin";authority|s:1:"0";login_name|s:9:"管理者";uniqid|s:21:"524af0f7b47eaZf2ArVUV";last_login|s:19:"2013-10-02 00:57:43";preview|s:2:"ON";',
  1 => 'mv94csg1s1alpvnkoivlkh78j6',
)
execution time: 2.68 sec
 from 121.94.157.46
login_id = admin(0)[mv94csg1s1alpvnkoivlkh78j6]
(): session_write_close
(): SC_Helper_Session->sfSessWrite
/home/prograph2v1y/public_html/subdomain/nejikuru/data/class/helper/SC_Helper_Session.php(95): SC_Query->update
/home/prograph2v1y/public_html/subdomain/nejikuru/data/class/SC_Query.php(589): SC_Query->query
/home/prograph2v1y/public_html/subdomain/nejikuru/data/class/SC_Query.php(814): SC_Query->execute
/home/prograph2v1y/public_html/subdomain/nejikuru/data/class/SC_Query.php(965): SC_Query->lfEndDbTraceLog
/home/prograph2v1y/public_html/subdomain/nejikuru/data/class/SC_Query.php(1106): GC_Utils->gfPrintLog
2013/10/02 15:46:27 [/admin/design/css.php] [execute end 524bc14063fb4#5]
SQL: PREPARE mdb2_statement_mysql_534c9e8da54041ee87055697ce1a3013fd80c49a7 FROM 'UPDATE dtb_session SET sess_data= ?, update_date= CURRENT_TIMESTAMP WHERE sess_id = ?'
PlaceHolder: array (
  0 => 'cart|a:0:{}prev_url|s:56:"/admin/design/css.php?css_name=style02&device_type_id=10";transactionid|s:40:"3d700392701cc4fb06e2223c12afed2042201bc7";cert|s:8:"7WDhcBTF";member_id|s:1:"2";login_id|s:5:"admin";authority|s:1:"0";login_name|s:9:"管理者";uniqid|s:21:"524af0f7b47eaZf2ArVUV";last_login|s:19:"2013-10-02 00:57:43";preview|s:2:"ON";',
  1 => 'mv94csg1s1alpvnkoivlkh78j6',
)
execution time: 2.91 sec
 from 121.94.157.46
login_id = admin(0)[mv94csg1s1alpvnkoivlkh78j6]
(): session_write_close
(): SC_Helper_Session->sfSessWrite
/home/prograph2v1y/public_html/subdomain/nejikuru/data/class/helper/SC_Helper_Session.php(95): SC_Query->update
/home/prograph2v1y/public_html/subdomain/nejikuru/data/class/SC_Query.php(589): SC_Query->query
/home/prograph2v1y/public_html/subdomain/nejikuru/data/class/SC_Query.php(814): SC_Query->execute
/home/prograph2v1y/public_html/subdomain/nejikuru/data/class/SC_Query.php(965): SC_Query->lfEndDbTraceLog
/home/prograph2v1y/public_html/subdomain/nejikuru/data/class/SC_Query.php(1106): GC_Utils->gfPrintLog
2013/10/02 17:18:34 [/admin/design/bloc.php] [execute end 524bd6d7d3db2#6]
SQL: PREPARE mdb2_statement_mysql_611c9c47ec37e3bf05d0ea7a39047eb8601ec6d8f FROM 'UPDATE dtb_session SET sess_data= ?, update_date= CURRENT_TIMESTAMP WHERE sess_id = ?'
PlaceHolder: array (
  0 => 'cart|a:0:{}prev_url|s:40:"/admin/design/bloc.php?device_type_id=10";transactionid|s:40:"b03f63fd4da593d45e3860b0f508824bcbb1008c";cert|s:8:"7WDhcBTF";member_id|s:1:"2";login_id|s:5:"admin";authority|s:1:"0";login_name|s:9:"管理者";uniqid|s:21:"524b9b035a7caAR92Y3sH";last_login|s:19:"2013-10-02 08:50:14";preview|s:2:"ON";',
  1 => 'v04h30bt52uoqlar0dlo798nj4',
)
execution time: 2.38 sec
 from 121.94.157.46
login_id = admin(0)[v04h30bt52uoqlar0dlo798nj4]
(): session_write_close
(): SC_Helper_Session->sfSessWrite
/home/prograph2v1y/public_html/subdomain/nejikuru/data/class/helper/SC_Helper_Session.php(95): SC_Query->update
/home/prograph2v1y/public_html/subdomain/nejikuru/data/class/SC_Query.php(589): SC_Query->query
/home/prograph2v1y/public_html/subdomain/nejikuru/data/class/SC_Query.php(814): SC_Query->execute
/home/prograph2v1y/public_html/subdomain/nejikuru/data/class/SC_Query.php(965): SC_Query->lfEndDbTraceLog
/home/prograph2v1y/public_html/subdomain/nejikuru/data/class/SC_Query.php(1106): GC_Utils->gfPrintLog
2013/10/02 17:18:41 [/admin/design/index.php] [execute end 524bd6dd4c175#5]
SQL: PREPARE mdb2_statement_mysql_5e8c41289a09eee11d8c070b3a4fac3826874217b FROM 'UPDATE dtb_session SET sess_data= ?, update_date= CURRENT_TIMESTAMP WHERE sess_id = ?'
PlaceHolder: array (
  0 => 'cart|a:0:{}prev_url|s:15:"/admin/design/?";transactionid|s:40:"b03f63fd4da593d45e3860b0f508824bcbb1008c";cert|s:8:"7WDhcBTF";member_id|s:1:"2";login_id|s:5:"admin";authority|s:1:"0";login_name|s:9:"管理者";uniqid|s:21:"524b9b035a7caAR92Y3sH";last_login|s:19:"2013-10-02 08:50:14";preview|s:2:"ON";',
  1 => 'v04h30bt52uoqlar0dlo798nj4',
)
execution time: 3.96 sec
 from 121.94.157.46
login_id = admin(0)[v04h30bt52uoqlar0dlo798nj4]
(): session_write_close
(): SC_Helper_Session->sfSessWrite
/home/prograph2v1y/public_html/subdomain/nejikuru/data/class/helper/SC_Helper_Session.php(95): SC_Query->update
/home/prograph2v1y/public_html/subdomain/nejikuru/data/class/SC_Query.php(589): SC_Query->query
/home/prograph2v1y/public_html/subdomain/nejikuru/data/class/SC_Query.php(814): SC_Query->execute
/home/prograph2v1y/public_html/subdomain/nejikuru/data/class/SC_Query.php(965): SC_Query->lfEndDbTraceLog
/home/prograph2v1y/public_html/subdomain/nejikuru/data/class/SC_Query.php(1106): GC_Utils->gfPrintLog
2013/10/02 17:18:55 [/admin/design/main_edit.php] [execute end 524bd6e2d4d00#6]
SQL: PREPARE mdb2_statement_mysql_6335090ffea6029e6f0c706f7f69d25348b46e107 FROM 'UPDATE dtb_session SET sess_data= ?, update_date= CURRENT_TIMESTAMP WHERE sess_id = ?'
PlaceHolder: array (
  0 => 'cart|a:0:{}prev_url|s:100:"/admin/design/main_edit.php?device_type_id=10&transactionid=b03f63fd4da593d45e3860b0f508824bcbb1008c";transactionid|s:40:"b03f63fd4da593d45e3860b0f508824bcbb1008c";cert|s:8:"7WDhcBTF";member_id|s:1:"2";login_id|s:5:"admin";authority|s:1:"0";login_name|s:9:"管理者";uniqid|s:21:"524b9b035a7caAR92Y3sH";last_login|s:19:"2013-10-02 08:50:14";preview|s:2:"ON";',
  1 => 'v04h30bt52uoqlar0dlo798nj4',
)
execution time: 11.59 sec
 from 121.94.157.46
login_id = admin(0)[v04h30bt52uoqlar0dlo798nj4]
(): session_write_close
(): SC_Helper_Session->sfSessWrite
/home/prograph2v1y/public_html/subdomain/nejikuru/data/class/helper/SC_Helper_Session.php(95): SC_Query->update
/home/prograph2v1y/public_html/subdomain/nejikuru/data/class/SC_Query.php(589): SC_Query->query
/home/prograph2v1y/public_html/subdomain/nejikuru/data/class/SC_Query.php(814): SC_Query->execute
/home/prograph2v1y/public_html/subdomain/nejikuru/data/class/SC_Query.php(965): SC_Query->lfEndDbTraceLog
/home/prograph2v1y/public_html/subdomain/nejikuru/data/class/SC_Query.php(1106): GC_Utils->gfPrintLog
2013/10/03 01:12:22 [/admin/design/bloc.php] [execute end 524c45e22a273#7]
SQL: PREPARE mdb2_statement_mysql_750c65d7c0ea3314dc50c1f8d4163ef683ba50dce FROM 'UPDATE dtb_session SET sess_data= ?, update_date= CURRENT_TIMESTAMP WHERE sess_id = ?'
PlaceHolder: array (
  0 => 'cart|a:0:{}prev_url|s:51:"/admin/design/bloc.php?bloc_id=22&device_type_id=10";transactionid|s:40:"3d700392701cc4fb06e2223c12afed2042201bc7";cert|s:8:"7WDhcBTF";member_id|s:1:"2";login_id|s:5:"admin";authority|s:1:"0";login_name|s:9:"管理者";uniqid|s:21:"524af0f7b47eaZf2ArVUV";last_login|s:19:"2013-10-02 13:03:15";preview|s:2:"ON";',
  1 => 'mv94csg1s1alpvnkoivlkh78j6',
)
execution time: 4.66 sec
 from 124.208.60.133
login_id = admin(0)[mv94csg1s1alpvnkoivlkh78j6]
(): session_write_close
(): SC_Helper_Session->sfSessWrite
/home/prograph2v1y/public_html/subdomain/nejikuru/data/class/helper/SC_Helper_Session.php(95): SC_Query->update
/home/prograph2v1y/public_html/subdomain/nejikuru/data/class/SC_Query.php(589): SC_Query->query
/home/prograph2v1y/public_html/subdomain/nejikuru/data/class/SC_Query.php(814): SC_Query->execute
/home/prograph2v1y/public_html/subdomain/nejikuru/data/class/SC_Query.php(965): SC_Query->lfEndDbTraceLog
/home/prograph2v1y/public_html/subdomain/nejikuru/data/class/SC_Query.php(1106): GC_Utils->gfPrintLog
2013/10/03 12:35:54 [/admin/design/index.php] [execute end 524ce615cfb2d#9]
SQL: PREPARE mdb2_statement_mysql_93104e8055a6d6a5c95346306eea7a89aaef11c2d FROM 'UPDATE dtb_session SET sess_data= ?, update_date= CURRENT_TIMESTAMP WHERE sess_id = ?'
PlaceHolder: array (
  0 => 'cart|a:0:{}prev_url|s:42:"/admin/design/?page_id=1&device_type_id=10";transactionid|s:40:"00216148fc68da89c1f21070695ac6e1b6cb7048";cert|s:8:"7WDhcBTF";member_id|s:1:"2";login_id|s:5:"admin";authority|s:1:"0";login_name|s:9:"管理者";uniqid|s:21:"524cba3a29d54YdY5XUbb";last_login|s:19:"2013-10-03 00:38:58";preview|s:2:"ON";',
  1 => '978qi6li06ove4cudg4erdnn33',
)
execution time: 4.53 sec
 from 121.94.157.46
login_id = admin(0)[978qi6li06ove4cudg4erdnn33]
(): session_write_close
(): SC_Helper_Session->sfSessWrite
/home/prograph2v1y/public_html/subdomain/nejikuru/data/class/helper/SC_Helper_Session.php(95): SC_Query->update
/home/prograph2v1y/public_html/subdomain/nejikuru/data/class/SC_Query.php(589): SC_Query->query
/home/prograph2v1y/public_html/subdomain/nejikuru/data/class/SC_Query.php(814): SC_Query->execute
/home/prograph2v1y/public_html/subdomain/nejikuru/data/class/SC_Query.php(965): SC_Query->lfEndDbTraceLog
/home/prograph2v1y/public_html/subdomain/nejikuru/data/class/SC_Query.php(1106): GC_Utils->gfPrintLog
2013/10/03 13:16:26 [/admin/design/index.php] [execute end 524cef955a426#9]
SQL: PREPARE mdb2_statement_mysql_900182a4d5f368006247500c71576ce9b01ccd3ea FROM 'UPDATE dtb_session SET sess_data= ?, update_date= CURRENT_TIMESTAMP WHERE sess_id = ?'
PlaceHolder: array (
  0 => 'cart|a:0:{}prev_url|s:43:"/admin/design/?page_id=40&device_type_id=10";transactionid|s:40:"00216148fc68da89c1f21070695ac6e1b6cb7048";cert|s:8:"7WDhcBTF";member_id|s:1:"2";login_id|s:5:"admin";authority|s:1:"0";login_name|s:9:"管理者";uniqid|s:21:"524cba3a29d54YdY5XUbb";last_login|s:19:"2013-10-03 00:38:58";preview|s:2:"ON";',
  1 => '978qi6li06ove4cudg4erdnn33',
)
execution time: 4.89 sec
 from 121.94.157.46
login_id = admin(0)[978qi6li06ove4cudg4erdnn33]
(): session_write_close
(): SC_Helper_Session->sfSessWrite
/home/prograph2v1y/public_html/subdomain/nejikuru/data/class/helper/SC_Helper_Session.php(95): SC_Query->update
/home/prograph2v1y/public_html/subdomain/nejikuru/data/class/SC_Query.php(589): SC_Query->query
/home/prograph2v1y/public_html/subdomain/nejikuru/data/class/SC_Query.php(814): SC_Query->execute
/home/prograph2v1y/public_html/subdomain/nejikuru/data/class/SC_Query.php(965): SC_Query->lfEndDbTraceLog
/home/prograph2v1y/public_html/subdomain/nejikuru/data/class/SC_Query.php(1106): GC_Utils->gfPrintLog
